<?xml version="1.0" encoding="UTF-8"?>
<!-- Generated by org.testng.reporters.JUnitXMLReporter -->
<testsuite hostname="LAPTOP-7FQE96S1" ignored="0" name="Command line test" tests="9" failures="0" timestamp="2020-08-05T11:57:34 IST" time="0.046" errors="0">
  <testcase name="AppiumTest1" time="0.004" classname="MavenProjectID.MavenProject.AppiumTest"/>
  <testcase name="AppiumTest2" time="0.0" classname="MavenProjectID.MavenProject.AppiumTest"/>
  <testcase name="AppiumTest3" time="0.0" classname="MavenProjectID.MavenProject.AppiumTest"/>
  <testcase name="RESTAPITest1" time="0.0" classname="MavenProjectID.MavenProject.RESTAPITest"/>
  <testcase name="RESTAPITest2" time="0.0" classname="MavenProjectID.MavenProject.RESTAPITest"/>
  <testcase name="RESTAPITest3" time="0.001" classname="MavenProjectID.MavenProject.RESTAPITest"/>
  <testcase name="SeleniumTest1" time="0.001" classname="MavenProjectID.MavenProject.SeleniumTest"/>
  <testcase name="SeleniumTest2" time="0.0" classname="MavenProjectID.MavenProject.SeleniumTest"/>
  <testcase name="SeleniumTest3" time="0.0" classname="MavenProjectID.MavenProject.SeleniumTest"/>
</testsuite> <!-- Command line test -->
